<?xml version="1.0" encoding="UTF-8"?>
<!-- Generated by org.testng.reporters.JUnitReportReporter -->
<testsuite hostname="TESTWKS22" name="com.task.testcase.TaskLoginTestCase" tests="1" failures="0" timestamp="29 Apr 2022 10:56:56 GMT" time="3150.792" errors="0">
  <testcase name="login" time="3150.792" classname="com.task.testcase.TaskLoginTestCase"/>
</testsuite> <!-- com.task.testcase.TaskLoginTestCase -->
