<?xml version="1.0" encoding="UTF-8"?>
<!-- Generated by org.testng.reporters.JUnitReportReporter -->
<testsuite hostname="TESTWKS22" name="com.task.testcase.GetUrl" tests="1" failures="0" timestamp="30 Dec 2021 05:29:33 GMT" time="4.945" errors="0">
  <testcase name="getUrls" time="4.945" classname="com.task.testcase.GetUrl"/>
</testsuite> <!-- com.task.testcase.GetUrl -->
