<?xml version="1.0" encoding="UTF-8"?>
<!-- Generated by org.testng.reporters.JUnitReportReporter -->
<testsuite hostname="TESTWKS22" name="com.task.testcase.TaskLoginTestCase1" tests="1" failures="0" timestamp="15 Dec 2021 13:07:04 GMT" time="0.468" errors="0">
  <testcase name="login" time="0.468" classname="com.task.testcase.TaskLoginTestCase1"/>
</testsuite> <!-- com.task.testcase.TaskLoginTestCase1 -->
